{
  "RSpec": {
    "coverage": {
      "/Users/naiguelsantos/Documents/PROGRAMMING/@naiguel/@naiguel-ruby/CODEMINER/API-TEST/zssn/app/helpers/application_helper.rb": [
        1,
        null
      ],
      "/Users/naiguelsantos/Documents/PROGRAMMING/@naiguel/@naiguel-ruby/CODEMINER/API-TEST/zssn/app/controllers/reports_controller.rb": [
        1,
        1,
        0,
        null,
        null,
        null,
        1,
        0,
        null,
        null,
        null,
        1,
        0,
        null,
        null,
        null,
        null,
        null,
        null,
        1,
        0,
        null,
        null,
        null,
        null
      ],
      "/Users/naiguelsantos/Documents/PROGRAMMING/@naiguel/@naiguel-ruby/CODEMINER/API-TEST/zssn/app/controllers/application_controller.rb": [
        1,
        null
      ],
      "/Users/naiguelsantos/Documents/PROGRAMMING/@naiguel/@naiguel-ruby/CODEMINER/API-TEST/zssn/app/controllers/survivors_controller.rb": [
        1,
        1,
        null,
        null,
        1,
        2,
        2,
        null,
        null,
        1,
        1,
        null,
        null,
        1,
        1,
        1,
        1,
        1,
        null,
        0,
        null,
        null,
        null,
        1,
        2,
        1,
        null,
        1,
        null,
        null,
        null,
        null,
        null,
        1,
        1,
        1,
        0,
        0,
        null,
        1,
        null,
        null,
        1,
        0,
        null,
        1,
        1,
        4,
        null,
        1,
        1,
        null,
        1,
        2,
        null,
        null
      ],
      "/Users/naiguelsantos/Documents/PROGRAMMING/@naiguel/@naiguel-ruby/CODEMINER/API-TEST/zssn/app/controllers/trades_controller.rb": [
        1,
        1,
        1,
        1,
        0,
        null,
        1,
        null,
        null,
        1,
        1,
        1,
        null,
        null,
        null
      ],
      "/Users/naiguelsantos/Documents/PROGRAMMING/@naiguel/@naiguel-ruby/CODEMINER/API-TEST/zssn/app/models/survivor.rb": [
        1,
        1,
        null,
        1,
        1,
        1,
        null,
        null,
        1,
        1,
        2,
        2,
        2,
        8,
        null,
        2,
        2,
        null,
        null,
        1,
        1,
        null,
        1,
        0,
        0,
        null,
        1,
        4,
        4,
        6,
        6,
        null,
        0,
        null,
        1,
        4,
        8,
        null,
        4,
        null,
        1,
        0,
        0,
        0,
        0,
        0,
        null,
        0,
        0,
        null,
        null,
        1,
        0,
        0,
        0,
        0,
        0,
        0,
        null,
        0,
        null,
        0,
        0,
        0,
        0,
        null,
        0,
        0,
        0,
        0,
        null,
        0,
        0,
        null,
        null,
        null,
        null,
        1,
        0,
        null,
        1,
        0,
        null,
        1,
        0,
        null,
        1,
        0,
        null,
        1,
        0,
        null,
        null
      ],
      "/Users/naiguelsantos/Documents/PROGRAMMING/@naiguel/@naiguel-ruby/CODEMINER/API-TEST/zssn/app/models/inventory.rb": [
        1,
        1,
        1,
        3,
        null,
        null,
        null,
        null,
        null,
        null,
        null,
        null,
        null,
        null,
        null,
        null,
        null,
        null,
        null,
        null,
        null,
        null,
        1,
        0,
        null,
        null
      ],
      "/Users/naiguelsantos/Documents/PROGRAMMING/@naiguel/@naiguel-ruby/CODEMINER/API-TEST/zssn/app/serializers/survivor_serializer.rb": [
        1,
        1,
        1,
        null
      ],
      "/Users/naiguelsantos/Documents/PROGRAMMING/@naiguel/@naiguel-ruby/CODEMINER/API-TEST/zssn/app/serializers/inventory_serializer.rb": [
        1,
        1,
        1,
        null
      ],
      "/Users/naiguelsantos/Documents/PROGRAMMING/@naiguel/@naiguel-ruby/CODEMINER/API-TEST/zssn/app/models/trade.rb": [
        1,
        1,
        1,
        1,
        1,
        1,
        1,
        1,
        1,
        1,
        1,
        null,
        1,
        1,
        1,
        1,
        1,
        0,
        null,
        1,
        1,
        1,
        null,
        1,
        1,
        1,
        1,
        null,
        0,
        0,
        0,
        0,
        0,
        null,
        null,
        1,
        1,
        2,
        0,
        null,
        null,
        null,
        1,
        1,
        2,
        null,
        4,
        0,
        null,
        4,
        0,
        null,
        2,
        null,
        null,
        1,
        1,
        1,
        1,
        1,
        1,
        1,
        1,
        1,
        1,
        1,
        1,
        null,
        1,
        0,
        null,
        0,
        null,
        0,
        0,
        0,
        null,
        null,
        1,
        0,
        0,
        0,
        0,
        null,
        1,
        1,
        1,
        1,
        null,
        1,
        3,
        null,
        null
      ],
      "/Users/naiguelsantos/Documents/PROGRAMMING/@naiguel/@naiguel-ruby/CODEMINER/API-TEST/zssn/app/models/report.rb": [
        0,
        0,
        0,
        0,
        0,
        0,
        0,
        0
      ]
    },
    "timestamp": 1534913189
  }
}
